emoji is not installed, thus not converting emoticons or emojis into text. Install emoji: pip3 install emoji==0.6.0
emoji is not installed, thus not converting emoticons or emojis into text. Install emoji: pip3 install emoji==0.6.0
/home/maxko436/text_mining/AAPL_sm_bert.py:58: FutureWarning: The behavior of DataFrame concatenation with empty or all-NA entries is deprecated. In a future version, this will no longer exclude empty or all-NA columns when determining the result dtypes. To retain the old behavior, exclude the relevant entries before the concat operation.
  df_sentiment_2015 = pd.concat([df_sentiment_2015, rows_to_add], ignore_index=True)
Token indices sequence length is longer than the specified maximum sequence length for this model (130 > 128). Running this sequence through the model will result in indexing errors
i:  0
k:  0
i:  1000
k:  0
i:  2000
k:  0
i:  3000
k:  1
i:  4000
k:  2
i:  5000
k:  3
i:  6000
k:  3
i:  7000
k:  3
i:  8000
k:  3
i:  9000
k:  3
i:  10000
k:  4
i:  11000
k:  4
i:  12000
k:  4
i:  13000
k:  6
i:  14000
k:  7
i:  15000
k:  7
i:  16000
k:  7
i:  17000
k:  7
i:  18000
k:  7
i:  19000
k:  7
i:  20000
k:  7
i:  21000
k:  7
i:  22000
k:  10
i:  23000
k:  13
i:  24000
k:  13
i:  25000
k:  14
i:  26000
k:  14
i:  27000
k:  14
i:  28000
k:  15
i:  29000
k:  15
i:  30000
k:  15
i:  31000
k:  15
i:  32000
k:  15
i:  33000
k:  16
i:  34000
k:  17
i:  35000
k:  17
i:  36000
k:  18
i:  37000
k:  18
i:  38000
k:  18
i:  39000
k:  18
i:  40000
k:  18
i:  41000
k:  18
i:  42000
k:  18
i:  43000
k:  18
i:  44000
k:  19
i:  45000
k:  19
i:  46000
k:  19
i:  47000
k:  19
i:  48000
k:  19
i:  49000
k:  21
i:  50000
k:  22
i:  51000
k:  22
i:  52000
k:  22
i:  53000
k:  24
i:  54000
k:  24
i:  55000
k:  24
i:  56000
k:  24
i:  57000
k:  26
i:  58000
k:  26
i:  59000
k:  26
i:  60000
k:  28
i:  61000
k:  28
i:  62000
k:  29
i:  63000
k:  30
i:  64000
k:  30
i:  65000
k:  30
i:  66000
k:  30
i:  67000
k:  30
i:  68000
k:  34
i:  69000
k:  34
i:  70000
k:  37
i:  71000
k:  39
i:  72000
k:  40
i:  73000
k:  40
i:  74000
k:  41
i:  75000
k:  41
i:  76000
k:  41
i:  77000
k:  45
i:  78000
k:  45
i:  79000
k:  45
i:  80000
k:  50
i:  81000
k:  50
i:  82000
k:  50
i:  83000
k:  51
i:  84000
k:  54
i:  85000
k:  57
i:  86000
k:  61
i:  87000
k:  63
i:  88000
k:  64
i:  89000
k:  66
i:  90000
k:  66
i:  91000
k:  66
i:  92000
k:  68
i:  93000
k:  69
i:  94000
k:  82
i:  95000
k:  83
i:  96000
k:  91
i:  97000
k:  99
i:  98000
k:  105
i:  99000
k:  118
i:  100000
k:  129
i:  101000
k:  129
i:  102000
k:  129
i:  103000
k:  130
i:  104000
k:  132
i:  105000
k:  138
i:  106000
k:  138
i:  107000
k:  138
i:  108000
k:  138
i:  109000
k:  138
i:  110000
k:  139
i:  111000
k:  140
i:  112000
k:  140
i:  113000
k:  140
i:  114000
k:  140
i:  115000
k:  141
i:  116000
k:  143
i:  117000
k:  143
i:  118000
k:  145
i:  119000
k:  147
i:  120000
k:  147
i:  121000
k:  147
i:  122000
k:  147
i:  123000
k:  147
i:  124000
k:  147
i:  125000
k:  148
i:  126000
k:  149
i:  127000
k:  150
i:  128000
k:  151
i:  129000
k:  152
i:  130000
k:  152
i:  131000
k:  153
i:  132000
k:  154
i:  133000
k:  154
i:  134000
k:  156
i:  135000
k:  156
i:  136000
k:  156
i:  137000
k:  156
i:  138000
k:  156
i:  139000
k:  158
i:  140000
k:  159
i:  141000
k:  159
i:  142000
k:  161
i:  143000
k:  163
i:  144000
k:  163
i:  145000
k:  164
i:  146000
k:  166
i:  147000
k:  166
i:  148000
k:  166
i:  149000
k:  166
i:  150000
k:  166
i:  151000
k:  166
i:  152000
k:  166
i:  153000
k:  167
i:  154000
k:  167
i:  155000
k:  168
i:  156000
k:  169
i:  157000
k:  169
i:  158000
k:  169
i:  159000
k:  169
i:  160000
k:  169
i:  161000
k:  171
i:  162000
k:  171
i:  163000
k:  171
i:  164000
k:  172
i:  165000
k:  172
i:  166000
k:  172
i:  167000
k:  172
i:  168000
k:  172
i:  169000
k:  173
i:  170000
k:  173
i:  171000
k:  173
i:  172000
k:  173
i:  173000
k:  173
i:  174000
k:  174
i:  175000
k:  175
i:  176000
k:  177
i:  177000
k:  179
i:  178000
k:  179
i:  179000
k:  180
i:  180000
k:  181
i:  181000
k:  181
i:  182000
k:  181
i:  183000
k:  181
i:  184000
k:  182
i:  185000
k:  182
i:  186000
k:  182
i:  187000
k:  183
i:  188000
k:  183
i:  189000
k:  183
i:  190000
k:  183
i:  191000
k:  183
i:  192000
k:  183
i:  193000
k:  183
i:  194000
k:  183
i:  195000
k:  185
i:  196000
k:  186
i:  197000
k:  187
i:  198000
k:  187
i:  199000
k:  187
i:  200000
k:  187
i:  201000
k:  187
i:  202000
k:  187
i:  203000
k:  187
i:  204000
k:  187
i:  205000
k:  188
i:  206000
k:  189
i:  207000
k:  189
i:  208000
k:  190
i:  209000
k:  190
i:  210000
k:  190
i:  211000
k:  191
i:  212000
k:  192
i:  213000
k:  192
i:  214000
k:  193
i:  215000
k:  193
i:  216000
k:  193
i:  217000
k:  193
i:  218000
k:  193
i:  219000
k:  195
i:  220000
k:  195
i:  221000
k:  195
i:  222000
k:  195
i:  223000
k:  195
i:  224000
k:  196
i:  225000
k:  196
i:  226000
k:  196
i:  227000
k:  197
i:  228000
k:  197
i:  229000
k:  197
i:  230000
k:  197
i:  231000
k:  197
i:  232000
k:  197
i:  233000
k:  197
i:  234000
k:  197
i:  235000
k:  199
i:  236000
k:  199
i:  237000
k:  199
i:  238000
k:  200
i:  239000
k:  201
i:  240000
k:  201
i:  241000
k:  203
i:  242000
k:  206
i:  243000
k:  206
i:  244000
k:  206
i:  245000
k:  207
i:  246000
k:  207
i:  247000
k:  207
i:  248000
k:  208
i:  249000
k:  208
i:  250000
k:  208
i:  251000
k:  210
i:  252000
k:  212
i:  253000
k:  212
i:  254000
k:  212
i:  255000
k:  215
i:  256000
k:  215
i:  257000
k:  217
i:  258000
k:  219
i:  259000
k:  221
i:  260000
k:  223
i:  261000
k:  223
i:  262000
k:  223
i:  263000
k:  223
i:  264000
k:  224
i:  265000
k:  225
i:  266000
k:  226
i:  267000
k:  226
i:  268000
k:  227
i:  269000
k:  229
i:  270000
k:  229
i:  271000
k:  229
i:  272000
k:  230
i:  273000
k:  230
i:  274000
k:  231
i:  275000
k:  231
i:  276000
k:  231
i:  277000
k:  231
i:  278000
k:  231
i:  279000
k:  231
i:  280000
k:  232
i:  281000
k:  233
i:  282000
k:  233
i:  283000
k:  234
i:  284000
k:  234
i:  285000
k:  235
i:  286000
k:  235
i:  287000
k:  235
i:  288000
k:  235
i:  289000
k:  235
i:  290000
k:  236
i:  291000
k:  237
i:  292000
k:  237
i:  293000
k:  237
i:  294000
k:  240
i:  295000
k:  240
i:  296000
k:  240
i:  297000
k:  240
i:  298000
k:  240
i:  299000
k:  240
i:  300000
k:  240
i:  301000
k:  240
i:  302000
k:  240
i:  303000
k:  240
i:  304000
k:  240
i:  305000
k:  241
i:  306000
k:  242
i:  307000
k:  242
i:  308000
k:  242
i:  309000
k:  244
i:  310000
k:  244
i:  311000
k:  244
i:  312000
k:  244
i:  313000
k:  245
i:  314000
k:  246
i:  315000
k:  246
i:  316000
k:  247
i:  317000
k:  247
i:  318000
k:  248
i:  319000
k:  249
i:  320000
k:  249
i:  321000
k:  249
i:  322000
k:  250
i:  323000
k:  250
i:  324000
k:  250
i:  325000
k:  251
i:  326000
k:  251
i:  327000
k:  252
i:  328000
k:  252
i:  329000
k:  252
i:  330000
k:  260
i:  331000
k:  265
i:  332000
k:  266
i:  333000
k:  267
i:  334000
k:  267
i:  335000
k:  268
i:  336000
k:  269
i:  337000
k:  270
i:  338000
k:  271
i:  339000
k:  272
i:  340000
k:  273
i:  341000
k:  273
i:  342000
k:  274
i:  343000
k:  274
i:  344000
k:  274
i:  345000
k:  274
i:  346000
k:  274
i:  347000
k:  274
i:  348000
k:  274
i:  349000
k:  276
i:  350000
k:  276
i:  351000
k:  277
i:  352000
k:  277
i:  353000
k:  277
i:  354000
k:  277
i:  355000
k:  277
i:  356000
k:  277
i:  357000
k:  277
i:  358000
k:  277
i:  359000
k:  277
i:  360000
k:  277
         date  positives   neutral  negatives sentiment_score
0  2015-01-02   0.254181  0.632107   0.113712             NaN
1  2015-01-03   0.247113  0.622402   0.130485             NaN
2  2015-01-04   0.431884  0.495652   0.072464             NaN
3  2015-01-05   0.412346  0.518519   0.069136             NaN
4  2015-01-06   0.265502  0.627948   0.106550             NaN
Elapsed Time: 16356.616051197052 seconds
