emoji is not installed, thus not converting emoticons or emojis into text. Install emoji: pip3 install emoji==0.6.0
emoji is not installed, thus not converting emoticons or emojis into text. Install emoji: pip3 install emoji==0.6.0
/home/maxko436/text_mining/GOOGL_sm_bert.py:58: FutureWarning: The behavior of DataFrame concatenation with empty or all-NA entries is deprecated. In a future version, this will no longer exclude empty or all-NA columns when determining the result dtypes. To retain the old behavior, exclude the relevant entries before the concat operation.
  df_sentiment_2015 = pd.concat([df_sentiment_2015, rows_to_add], ignore_index=True)
Token indices sequence length is longer than the specified maximum sequence length for this model (130 > 128). Running this sequence through the model will result in indexing errors
i:  0
k:  0
i:  1000
k:  0
i:  2000
k:  0
i:  3000
k:  1
i:  4000
k:  1
i:  5000
k:  3
i:  6000
k:  4
i:  7000
k:  4
i:  8000
k:  5
i:  9000
k:  5
i:  10000
k:  5
i:  11000
k:  5
i:  12000
k:  6
i:  13000
k:  6
i:  14000
k:  6
i:  15000
k:  6
i:  16000
k:  8
i:  17000
k:  8
i:  18000
k:  9
i:  19000
k:  9
i:  20000
k:  9
i:  21000
k:  9
i:  22000
k:  9
i:  23000
k:  9
i:  24000
k:  9
i:  25000
k:  9
i:  26000
k:  9
i:  27000
k:  11
i:  28000
k:  12
i:  29000
k:  15
i:  30000
k:  16
i:  31000
k:  16
i:  32000
k:  16
i:  33000
k:  16
i:  34000
k:  17
i:  35000
k:  17
i:  36000
k:  17
i:  37000
k:  17
i:  38000
k:  17
i:  39000
k:  17
i:  40000
k:  18
i:  41000
k:  19
i:  42000
k:  19
i:  43000
k:  20
i:  44000
k:  20
i:  45000
k:  20
i:  46000
k:  20
i:  47000
k:  20
i:  48000
k:  20
i:  49000
k:  20
i:  50000
k:  20
i:  51000
k:  20
i:  52000
k:  20
i:  53000
k:  21
i:  54000
k:  21
i:  55000
k:  21
i:  56000
k:  21
i:  57000
k:  22
i:  58000
k:  24
i:  59000
k:  25
i:  60000
k:  25
i:  61000
k:  25
i:  62000
k:  27
i:  63000
k:  27
i:  64000
k:  27
i:  65000
k:  27
i:  66000
k:  27
i:  67000
k:  29
i:  68000
k:  29
i:  69000
k:  29
i:  70000
k:  30
i:  71000
k:  31
i:  72000
k:  32
i:  73000
k:  32
i:  74000
k:  33
i:  75000
k:  33
i:  76000
k:  33
i:  77000
k:  33
i:  78000
k:  33
i:  79000
k:  33
i:  80000
k:  38
i:  81000
k:  38
i:  82000
k:  47
i:  83000
k:  54
i:  84000
k:  61
i:  85000
k:  63
i:  86000
k:  64
i:  87000
k:  68
i:  88000
k:  70
i:  89000
k:  70
i:  90000
k:  72
i:  91000
k:  76
i:  92000
k:  77
i:  93000
k:  77
i:  94000
k:  83
i:  95000
k:  83
i:  96000
k:  83
i:  97000
k:  84
i:  98000
k:  89
i:  99000
k:  92
i:  100000
k:  94
i:  101000
k:  100
i:  102000
k:  103
i:  103000
k:  104
i:  104000
k:  108
i:  105000
k:  112
i:  106000
k:  115
i:  107000
k:  116
i:  108000
k:  118
i:  109000
k:  131
i:  110000
k:  158
i:  111000
k:  171
i:  112000
k:  181
i:  113000
k:  201
i:  114000
k:  217
i:  115000
k:  255
i:  116000
k:  295
i:  117000
k:  345
i:  118000
k:  370
i:  119000
k:  383
i:  120000
k:  399
i:  121000
k:  416
i:  122000
k:  421
i:  123000
k:  435
i:  124000
k:  435
i:  125000
k:  435
i:  126000
k:  435
i:  127000
k:  435
i:  128000
k:  436
i:  129000
k:  436
i:  130000
k:  437
i:  131000
k:  437
i:  132000
k:  437
i:  133000
k:  437
i:  134000
k:  437
i:  135000
k:  438
i:  136000
k:  441
i:  137000
k:  441
i:  138000
k:  442
i:  139000
k:  444
i:  140000
k:  445
i:  141000
k:  445
i:  142000
k:  445
i:  143000
k:  445
i:  144000
k:  445
i:  145000
k:  445
i:  146000
k:  446
i:  147000
k:  447
i:  148000
k:  448
i:  149000
k:  449
i:  150000
k:  450
i:  151000
k:  451
i:  152000
k:  452
i:  153000
k:  452
i:  154000
k:  452
i:  155000
k:  453
i:  156000
k:  454
i:  157000
k:  454
i:  158000
k:  456
i:  159000
k:  456
i:  160000
k:  456
i:  161000
k:  456
i:  162000
k:  456
i:  163000
k:  456
i:  164000
k:  458
i:  165000
k:  459
i:  166000
k:  459
i:  167000
k:  461
i:  168000
k:  463
i:  169000
k:  463
i:  170000
k:  463
i:  171000
k:  465
i:  172000
k:  466
i:  173000
k:  466
i:  174000
k:  466
i:  175000
k:  466
i:  176000
k:  466
i:  177000
k:  466
i:  178000
k:  466
i:  179000
k:  467
i:  180000
k:  467
i:  181000
k:  467
i:  182000
k:  468
i:  183000
k:  469
i:  184000
k:  469
i:  185000
k:  469
i:  186000
k:  469
i:  187000
k:  469
i:  188000
k:  469
i:  189000
k:  470
i:  190000
k:  471
i:  191000
k:  471
i:  192000
k:  471
i:  193000
k:  472
i:  194000
k:  472
i:  195000
k:  472
i:  196000
k:  472
i:  197000
k:  472
i:  198000
k:  473
i:  199000
k:  473
i:  200000
k:  473
i:  201000
k:  473
i:  202000
k:  473
i:  203000
k:  473
i:  204000
k:  473
i:  205000
k:  474
i:  206000
k:  475
i:  207000
k:  475
i:  208000
k:  476
i:  209000
k:  477
i:  210000
k:  479
i:  211000
k:  479
i:  212000
k:  479
i:  213000
k:  481
i:  214000
k:  481
i:  215000
k:  481
i:  216000
k:  481
i:  217000
k:  481
i:  218000
k:  482
i:  219000
k:  482
i:  220000
k:  482
i:  221000
k:  482
i:  222000
k:  483
i:  223000
k:  483
i:  224000
k:  483
i:  225000
k:  483
i:  226000
k:  483
i:  227000
k:  483
i:  228000
k:  483
i:  229000
k:  483
i:  230000
k:  483
i:  231000
k:  483
i:  232000
k:  483
i:  233000
k:  486
i:  234000
k:  486
i:  235000
k:  487
i:  236000
k:  487
i:  237000
k:  487
i:  238000
k:  487
i:  239000
k:  487
i:  240000
k:  487
i:  241000
k:  487
i:  242000
k:  487
i:  243000
k:  487
i:  244000
k:  487
i:  245000
k:  487
i:  246000
k:  489
i:  247000
k:  489
i:  248000
k:  489
i:  249000
k:  489
i:  250000
k:  490
i:  251000
k:  490
i:  252000
k:  490
i:  253000
k:  491
i:  254000
k:  491
i:  255000
k:  491
i:  256000
k:  493
i:  257000
k:  493
i:  258000
k:  493
i:  259000
k:  494
i:  260000
k:  494
i:  261000
k:  494
i:  262000
k:  494
i:  263000
k:  494
i:  264000
k:  494
i:  265000
k:  496
i:  266000
k:  496
i:  267000
k:  496
i:  268000
k:  496
i:  269000
k:  496
i:  270000
k:  496
i:  271000
k:  497
i:  272000
k:  497
i:  273000
k:  497
i:  274000
k:  497
i:  275000
k:  498
i:  276000
k:  498
i:  277000
k:  498
i:  278000
k:  498
i:  279000
k:  498
i:  280000
k:  498
i:  281000
k:  498
i:  282000
k:  498
i:  283000
k:  498
i:  284000
k:  499
i:  285000
k:  500
i:  286000
k:  500
i:  287000
k:  500
i:  288000
k:  501
i:  289000
k:  502
i:  290000
k:  502
i:  291000
k:  502
i:  292000
k:  504
i:  293000
k:  507
i:  294000
k:  507
i:  295000
k:  507
i:  296000
k:  507
i:  297000
k:  508
i:  298000
k:  508
i:  299000
k:  508
i:  300000
k:  508
i:  301000
k:  508
i:  302000
k:  509
i:  303000
k:  509
i:  304000
k:  509
i:  305000
k:  511
i:  306000
k:  511
i:  307000
k:  513
i:  308000
k:  513
i:  309000
k:  513
i:  310000
k:  516
i:  311000
k:  516
i:  312000
k:  518
i:  313000
k:  520
i:  314000
k:  523
i:  315000
k:  524
i:  316000
k:  526
i:  317000
k:  526
i:  318000
k:  526
i:  319000
k:  526
i:  320000
k:  526
i:  321000
k:  527
i:  322000
k:  527
i:  323000
k:  529
i:  324000
k:  529
i:  325000
k:  529
i:  326000
k:  530
i:  327000
k:  531
i:  328000
k:  532
i:  329000
k:  532
i:  330000
k:  533
i:  331000
k:  533
i:  332000
k:  533
i:  333000
k:  534
i:  334000
k:  534
i:  335000
k:  534
i:  336000
k:  535
i:  337000
k:  535
i:  338000
k:  535
i:  339000
k:  535
i:  340000
k:  536
i:  341000
k:  537
i:  342000
k:  537
i:  343000
k:  537
i:  344000
k:  538
i:  345000
k:  538
i:  346000
k:  538
i:  347000
k:  539
i:  348000
k:  539
i:  349000
k:  539
i:  350000
k:  539
i:  351000
k:  539
i:  352000
k:  539
i:  353000
k:  539
i:  354000
k:  540
i:  355000
k:  541
i:  356000
k:  542
i:  357000
k:  543
i:  358000
k:  545
i:  359000
k:  545
i:  360000
k:  550
i:  361000
k:  550
i:  362000
k:  551
i:  363000
k:  551
i:  364000
k:  551
i:  365000
k:  551
i:  366000
k:  551
i:  367000
k:  551
i:  368000
k:  551
i:  369000
k:  551
i:  370000
k:  551
i:  371000
k:  551
i:  372000
k:  552
i:  373000
k:  553
i:  374000
k:  553
i:  375000
k:  553
i:  376000
k:  553
i:  377000
k:  553
i:  378000
k:  556
i:  379000
k:  556
i:  380000
k:  556
i:  381000
k:  556
i:  382000
k:  556
i:  383000
k:  556
i:  384000
k:  557
i:  385000
k:  558
i:  386000
k:  558
i:  387000
k:  559
i:  388000
k:  560
i:  389000
k:  560
i:  390000
k:  561
i:  391000
k:  561
i:  392000
k:  561
i:  393000
k:  561
i:  394000
k:  562
i:  395000
k:  562
i:  396000
k:  562
i:  397000
k:  563
i:  398000
k:  563
i:  399000
k:  564
i:  400000
k:  564
i:  401000
k:  564
i:  402000
k:  564
i:  403000
k:  566
i:  404000
k:  577
i:  405000
k:  577
i:  406000
k:  579
i:  407000
k:  579
i:  408000
k:  579
i:  409000
k:  580
i:  410000
k:  580
i:  411000
k:  581
i:  412000
k:  582
i:  413000
k:  583
i:  414000
k:  584
i:  415000
k:  585
i:  416000
k:  585
i:  417000
k:  585
i:  418000
k:  586
i:  419000
k:  586
i:  420000
k:  586
i:  421000
k:  586
i:  422000
k:  586
i:  423000
k:  586
i:  424000
k:  586
i:  425000
k:  586
i:  426000
k:  588
i:  427000
k:  588
i:  428000
k:  588
i:  429000
k:  589
i:  430000
k:  589
i:  431000
k:  589
i:  432000
k:  589
i:  433000
k:  589
i:  434000
k:  589
i:  435000
k:  589
i:  436000
k:  589
i:  437000
k:  589
i:  438000
k:  589
i:  439000
k:  589
i:  440000
k:  589
         date  positives   neutral  negatives sentiment_score
0  2015-01-02   0.258721  0.636628   0.104651             NaN
1  2015-01-03   0.253838  0.625384   0.120778             NaN
2  2015-01-04   0.525773  0.416495   0.057732             NaN
3  2015-01-05   0.493578  0.449541   0.056881             NaN
4  2015-01-06   0.307413  0.601017   0.091570             NaN
Elapsed Time: 20261.698768138885 seconds
