No model was supplied, defaulted to distilbert-base-uncased-finetuned-sst-2-english and revision af0f99b (https://huggingface.co/distilbert-base-uncased-finetuned-sst-2-english).
Using a pipeline without specifying a model name and revision in production is not recommended.
emoji is not installed, thus not converting emoticons or emojis into text. Install emoji: pip3 install emoji==0.6.0
/home/maxko436/text_mining/MSFT_normal_bert.py:57: FutureWarning: The behavior of DataFrame concatenation with empty or all-NA entries is deprecated. In a future version, this will no longer exclude empty or all-NA columns when determining the result dtypes. To retain the old behavior, exclude the relevant entries before the concat operation.
  df_sentiment_2015 = pd.concat([df_sentiment_2015, rows_to_add], ignore_index=True)
i:  0
k:  0
i:  1000
k:  0
i:  2000
k:  0
i:  3000
k:  0
i:  4000
k:  0
i:  5000
k:  0
i:  6000
k:  0
i:  7000
k:  0
i:  8000
k:  0
i:  9000
k:  0
i:  10000
k:  0
i:  11000
k:  0
i:  12000
k:  0
i:  13000
k:  0
i:  14000
k:  0
i:  15000
k:  0
i:  16000
k:  0
i:  17000
k:  0
i:  18000
k:  0
i:  19000
k:  0
i:  20000
k:  0
i:  21000
k:  0
i:  22000
k:  0
i:  23000
k:  0
i:  24000
k:  0
i:  25000
k:  0
i:  26000
k:  0
i:  27000
k:  0
i:  28000
k:  0
i:  29000
k:  0
i:  30000
k:  0
i:  31000
k:  0
i:  32000
k:  0
i:  33000
k:  0
i:  34000
k:  0
i:  35000
k:  0
i:  36000
k:  0
i:  37000
k:  0
i:  38000
k:  0
i:  39000
k:  0
i:  40000
k:  0
i:  41000
k:  0
i:  42000
k:  0
i:  43000
k:  0
i:  44000
k:  0
i:  45000
k:  0
i:  46000
k:  0
i:  47000
k:  0
i:  48000
k:  0
i:  49000
k:  0
i:  50000
k:  0
i:  51000
k:  0
i:  52000
k:  0
i:  53000
k:  0
i:  54000
k:  0
i:  55000
k:  0
i:  56000
k:  0
i:  57000
k:  0
i:  58000
k:  0
i:  59000
k:  0
i:  60000
k:  0
i:  61000
k:  0
i:  62000
k:  0
i:  63000
k:  0
i:  64000
k:  0
i:  65000
k:  0
i:  66000
k:  0
i:  67000
k:  0
i:  68000
k:  0
i:  69000
k:  0
i:  70000
k:  0
i:  71000
k:  0
i:  72000
k:  0
i:  73000
k:  0
i:  74000
k:  0
i:  75000
k:  0
i:  76000
k:  0
i:  77000
k:  0
i:  78000
k:  0
i:  79000
k:  0
i:  80000
k:  0
i:  81000
k:  0
i:  82000
k:  0
i:  83000
k:  0
i:  84000
k:  0
i:  85000
k:  0
i:  86000
k:  0
i:  87000
k:  0
i:  88000
k:  0
i:  89000
k:  0
i:  90000
k:  0
i:  91000
k:  0
i:  92000
k:  0
i:  93000
k:  0
i:  94000
k:  0
i:  95000
k:  0
i:  96000
k:  0
i:  97000
k:  0
i:  98000
k:  0
i:  99000
k:  0
i:  100000
k:  0
i:  101000
k:  0
i:  102000
k:  0
i:  103000
k:  0
i:  104000
k:  0
i:  105000
k:  0
i:  106000
k:  0
i:  107000
k:  0
i:  108000
k:  0
i:  109000
k:  0
i:  110000
k:  0
i:  111000
k:  0
i:  112000
k:  0
i:  113000
k:  0
i:  114000
k:  0
i:  115000
k:  0
i:  116000
k:  0
i:  117000
k:  0
i:  118000
k:  0
i:  119000
k:  0
i:  120000
k:  0
i:  121000
k:  0
i:  122000
k:  0
i:  123000
k:  0
i:  124000
k:  0
i:  125000
k:  0
i:  126000
k:  0
i:  127000
k:  0
i:  128000
k:  0
i:  129000
k:  0
i:  130000
k:  0
i:  131000
k:  0
i:  132000
k:  0
i:  133000
k:  0
i:  134000
k:  0
i:  135000
k:  0
i:  136000
k:  0
i:  137000
k:  0
i:  138000
k:  0
i:  139000
k:  0
i:  140000
k:  0
i:  141000
k:  0
i:  142000
k:  0
i:  143000
k:  0
i:  144000
k:  0
i:  145000
k:  0
i:  146000
k:  0
i:  147000
k:  0
i:  148000
k:  0
i:  149000
k:  0
i:  150000
k:  0
i:  151000
k:  0
i:  152000
k:  0
i:  153000
k:  0
i:  154000
k:  0
i:  155000
k:  0
i:  156000
k:  0
i:  157000
k:  0
i:  158000
k:  0
i:  159000
k:  0
i:  160000
k:  0
i:  161000
k:  0
i:  162000
k:  0
i:  163000
k:  0
i:  164000
k:  0
i:  165000
k:  0
i:  166000
k:  0
i:  167000
k:  0
i:  168000
k:  0
i:  169000
k:  0
i:  170000
k:  0
i:  171000
k:  0
i:  172000
k:  0
i:  173000
k:  0
i:  174000
k:  0
i:  175000
k:  0
i:  176000
k:  0
i:  177000
k:  0
i:  178000
k:  0
i:  179000
k:  0
i:  180000
k:  0
i:  181000
k:  0
i:  182000
k:  0
i:  183000
k:  0
i:  184000
k:  0
i:  185000
k:  0
i:  186000
k:  0
i:  187000
k:  0
i:  188000
k:  0
i:  189000
k:  0
i:  190000
k:  0
i:  191000
k:  0
i:  192000
k:  0
i:  193000
k:  0
i:  194000
k:  0
i:  195000
k:  0
i:  196000
k:  0
i:  197000
k:  0
i:  198000
k:  0
i:  199000
k:  0
i:  200000
k:  0
i:  201000
k:  0
i:  202000
k:  0
i:  203000
k:  0
i:  204000
k:  0
i:  205000
k:  0
i:  206000
k:  0
i:  207000
k:  0
i:  208000
k:  0
i:  209000
k:  0
i:  210000
k:  0
i:  211000
k:  0
i:  212000
k:  0
i:  213000
k:  0
i:  214000
k:  0
i:  215000
k:  0
i:  216000
k:  0
i:  217000
k:  0
i:  218000
k:  0
i:  219000
k:  0
i:  220000
k:  0
i:  221000
k:  0
i:  222000
k:  0
i:  223000
k:  0
i:  224000
k:  0
i:  225000
k:  0
i:  226000
k:  0
i:  227000
k:  0
i:  228000
k:  0
i:  229000
k:  0
i:  230000
k:  0
i:  231000
k:  0
i:  232000
k:  0
i:  233000
k:  0
i:  234000
k:  0
i:  235000
k:  0
i:  236000
k:  0
i:  237000
k:  0
i:  238000
k:  0
i:  239000
k:  0
i:  240000
k:  0
i:  241000
k:  0
i:  242000
k:  0
i:  243000
k:  0
i:  244000
k:  0
i:  245000
k:  0
i:  246000
k:  0
i:  247000
k:  0
i:  248000
k:  0
i:  249000
k:  0
i:  250000
k:  0
i:  251000
k:  0
i:  252000
k:  0
i:  253000
k:  0
i:  254000
k:  0
i:  255000
k:  0
i:  256000
k:  0
i:  257000
k:  0
i:  258000
k:  0
i:  259000
k:  0
i:  260000
k:  0
i:  261000
k:  0
i:  262000
k:  0
i:  263000
k:  0
i:  264000
k:  0
i:  265000
k:  0
i:  266000
k:  0
i:  267000
k:  0
i:  268000
k:  0
i:  269000
k:  0
i:  270000
k:  0
i:  271000
k:  0
i:  272000
k:  0
i:  273000
k:  0
i:  274000
k:  0
i:  275000
k:  0
i:  276000
k:  0
i:  277000
k:  0
i:  278000
k:  0
i:  279000
k:  0
i:  280000
k:  0
i:  281000
k:  0
i:  282000
k:  0
i:  283000
k:  0
i:  284000
k:  0
i:  285000
k:  0
i:  286000
k:  0
i:  287000
k:  0
i:  288000
k:  0
i:  289000
k:  0
i:  290000
k:  0
i:  291000
k:  0
i:  292000
k:  0
i:  293000
k:  0
i:  294000
k:  0
i:  295000
k:  0
i:  296000
k:  0
i:  297000
k:  0
i:  298000
k:  0
i:  299000
k:  0
i:  300000
k:  0
i:  301000
k:  0
i:  302000
k:  0
i:  303000
k:  0
i:  304000
k:  0
i:  305000
k:  0
i:  306000
k:  0
i:  307000
k:  0
i:  308000
k:  0
i:  309000
k:  0
i:  310000
k:  0
i:  311000
k:  0
i:  312000
k:  0
i:  313000
k:  0
i:  314000
k:  0
i:  315000
k:  0
i:  316000
k:  0
i:  317000
k:  0
i:  318000
k:  0
i:  319000
k:  0
i:  320000
k:  0
i:  321000
k:  0
i:  322000
k:  0
i:  323000
k:  0
i:  324000
k:  0
i:  325000
k:  0
i:  326000
k:  0
i:  327000
k:  0
i:  328000
k:  0
i:  329000
k:  0
i:  330000
k:  0
i:  331000
k:  0
i:  332000
k:  0
i:  333000
k:  0
i:  334000
k:  0
i:  335000
k:  0
i:  336000
k:  0
i:  337000
k:  0
i:  338000
k:  0
i:  339000
k:  0
i:  340000
k:  0
i:  341000
k:  0
i:  342000
k:  0
i:  343000
k:  0
i:  344000
k:  0
i:  345000
k:  0
i:  346000
k:  0
i:  347000
k:  0
i:  348000
k:  0
i:  349000
k:  0
i:  350000
k:  0
i:  351000
k:  0
i:  352000
k:  0
i:  353000
k:  0
i:  354000
k:  0
i:  355000
k:  0
i:  356000
k:  0
i:  357000
k:  0
i:  358000
k:  0
i:  359000
k:  0
i:  360000
k:  0
i:  361000
k:  0
i:  362000
k:  0
i:  363000
k:  0
i:  364000
k:  0
i:  365000
k:  0
i:  366000
k:  0
i:  367000
k:  0
i:  368000
k:  0
i:  369000
k:  0
i:  370000
k:  0
i:  371000
k:  0
i:  372000
k:  0
i:  373000
k:  0
i:  374000
k:  0
i:  375000
k:  0
i:  376000
k:  0
i:  377000
k:  0
i:  378000
k:  0
i:  379000
k:  0
i:  380000
k:  0
i:  381000
k:  0
i:  382000
k:  0
i:  383000
k:  0
i:  384000
k:  0
i:  385000
k:  0
i:  386000
k:  0
i:  387000
k:  0
i:  388000
k:  0
i:  389000
k:  0
i:  390000
k:  0
i:  391000
k:  0
i:  392000
k:  0
i:  393000
k:  0
i:  394000
k:  0
i:  395000
k:  0
i:  396000
k:  0
i:  397000
k:  0
i:  398000
k:  0
i:  399000
k:  0
i:  400000
k:  0
i:  401000
k:  0
i:  402000
k:  0
i:  403000
k:  0
i:  404000
k:  0
i:  405000
k:  0
i:  406000
k:  0
i:  407000
k:  0
i:  408000
k:  0
i:  409000
k:  0
i:  410000
k:  0
i:  411000
k:  0
i:  412000
k:  0
i:  413000
k:  0
i:  414000
k:  0
i:  415000
k:  0
i:  416000
k:  0
i:  417000
k:  0
         date  positives  neutral  negatives sentiment_score
0  2015-01-02   0.093484      0.0   0.906516             NaN
1  2015-01-03   0.104830      0.0   0.895170             NaN
2  2015-01-04   0.084158      0.0   0.915842             NaN
3  2015-01-05   0.068337      0.0   0.931663             NaN
4  2015-01-06   0.082671      0.0   0.917329             NaN
Elapsed Time: 10687.16284751892 seconds
